Using pre-set license

 COMMAND LINE ARGUMENTS:
/Applications/Unity/Hub/Editor/2020.3.13f1/Unity.app/Contents/MacOS/Unity
-adb2
-batchMode
-noUpm
-name
AssetImportWorker0
-projectPath
/Users/madihight/GitHub/Comic-Con-VR-Booth/Comic-Con 2021
-logFile
Logs/AssetImportWorker0.log
-srvPort
49472
Successfully changed project path to: /Users/madihight/GitHub/Comic-Con-VR-Booth/Comic-Con 2021
/Users/madihight/GitHub/Comic-Con-VR-Booth/Comic-Con 2021
Using Asset Import Pipeline V2.
Refreshing native plugins compatible for Editor in 75.86 ms, found 2 plugins.
Preloading 0 native plugins for Editor in 0.00 ms.
Initialize engine version: 2020.3.13f1 (71691879b7f5)
[Subsystems] Discovering subsystems at path /Applications/Unity/Hub/Editor/2020.3.13f1/Unity.app/Contents/Resources/UnitySubsystems
[Subsystems] Discovering subsystems at path /Users/madihight/GitHub/Comic-Con-VR-Booth/Comic-Con 2021/Assets
GfxDevice: creating device client; threaded=0
2021-07-13 23:55:41.930 Unity[775:9729] Color LCD preferred device: Intel Iris Pro Graphics (low power)
2021-07-13 23:55:41.930 Unity[775:9729] Metal devices available: 1
2021-07-13 23:55:41.930 Unity[775:9729] 0: Intel Iris Pro Graphics (low power)
2021-07-13 23:55:41.930 Unity[775:9729] Using device Intel Iris Pro Graphics (low power)
Initializing Metal device caps: Intel Iris Pro Graphics
Initialize mono
Mono path[0] = '/Applications/Unity/Hub/Editor/2020.3.13f1/Unity.app/Contents/Managed'
Mono path[1] = '/Applications/Unity/Hub/Editor/2020.3.13f1/Unity.app/Contents/MonoBleedingEdge/lib/mono/unityjit'
Mono config path = '/Applications/Unity/Hub/Editor/2020.3.13f1/Unity.app/Contents/MonoBleedingEdge/etc'
Using monoOptions --debugger-agent=transport=dt_socket,embedding=1,server=y,suspend=n,address=127.0.0.1:56775
Begin MonoManager ReloadAssembly
Registering precompiled unity dll's ...
Register platform support module: /Applications/Unity/Hub/Editor/2020.3.13f1/Unity.app/Contents/PlaybackEngines/MacStandaloneSupport/UnityEditor.OSXStandalone.Extensions.dll
Register platform support module: /Applications/Unity/Hub/Editor/2020.3.13f1/PlaybackEngines/WindowsStandaloneSupport/UnityEditor.WindowsStandalone.Extensions.dll
Registered in 0.000773 seconds.
Native extension for WindowsStandalone target not found
Native extension for OSXStandalone target not found
Refreshing native plugins compatible for Editor in 49.62 ms, found 2 plugins.
Preloading 0 native plugins for Editor in 0.00 ms.
Mono: successfully reloaded assembly
- Completed reload, in  1.773 seconds
Platform modules already initialized, skipping
Registering precompiled user dll's ...
Registered in 0.011649 seconds.
Begin MonoManager ReloadAssembly
Native extension for WindowsStandalone target not found
Native extension for OSXStandalone target not found
Refreshing native plugins compatible for Editor in 0.77 ms, found 2 plugins.
Preloading 0 native plugins for Editor in 0.00 ms.
Mono: successfully reloaded assembly
- Completed reload, in  1.661 seconds
Platform modules already initialized, skipping
========================================================================
Worker process is ready to serve import requests
Launching external process: /Applications/Unity/Hub/Editor/2020.3.13f1/Unity.app/Contents/Tools/UnityShaderCompiler
Launched and connected shader compiler UnityShaderCompiler after 0.02 seconds
Refreshing native plugins compatible for Editor in 0.85 ms, found 2 plugins.
Preloading 0 native plugins for Editor in 0.00 ms.
Unloading 1853 Unused Serialized files (Serialized files now loaded: 0)
System memory in use before: 152.6 MB.
System memory in use after: 152.7 MB.

Unloading 21 unused Assets to reduce memory usage. Loaded Objects now: 2289.
Total: 3.365732 ms (FindLiveObjects: 0.288653 ms CreateObjectMapping: 0.114925 ms MarkObjects: 2.839026 ms  DeleteObjects: 0.121850 ms)

AssetImportParameters requested are different than current active one (requested -> active):
  custom:video-decoder-ogg-theora: a1e56fd34408186e4bbccfd4996cb3dc -> 
  custom:container-muxer-webm: aa71ff27fc2769a1b78a27578f13a17b -> 
  custom:container-demuxer-webm: 4f35f7cbe854078d1ac9338744f61a02 -> 
  custom:container-demuxer-ogg: 62fdf1f143b41e24485cea50d1cbac27 -> 
  custom:video-encoder-webm-vp8: eb34c28f22e8b96e1ab97ce403110664 -> 
  custom:framework-osx-AVFoundation: e770b220cccbd017edd2c1fefb359320 -> 
  custom:video-decoder-webm-vp8: 9c59270c3fd7afecdb556c50c9e8de78 -> 
  custom:audio-decoder-ogg-vorbis: bf7c407c2cedff20999df2af8eb42d56 -> 
  custom:audio-encoder-webm-vorbis: bf7c407c2cedff20999df2af8eb42d56 -> 
========================================================================
Received Import Request.
  path: Assets/Scenes/Comic Con 2021.unity
  artifactKey: Guid(9fc0d4010bbf28b4594072e72b8655ab) Importer(815301076,1909f56bfc062723c751e8b465ee728b)
Start importing Assets/Scenes/Comic Con 2021.unity using Guid(9fc0d4010bbf28b4594072e72b8655ab) Importer(815301076,1909f56bfc062723c751e8b465ee728b)  -> (artifact id: '121a8f66199c7f14c0f5b45ab7984a7c') in 0.023629 seconds 
  Import took 0.029652 seconds .

========================================================================
Received Import Request.
  Time since last request: 57.579191 seconds.
  path: Assets/ProjectAssets/Textures/Gramophone/initialShadingGroup_metallic.jpg
  artifactKey: Guid(46f10cbca4e7b4df9996f693a4ae29bd) Importer(815301076,1909f56bfc062723c751e8b465ee728b)
Start importing Assets/ProjectAssets/Textures/Gramophone/initialShadingGroup_metallic.jpg using Guid(46f10cbca4e7b4df9996f693a4ae29bd) Importer(815301076,1909f56bfc062723c751e8b465ee728b)  -> (artifact id: '89e0a62c3d8bd4af5af8c2a5cdc17a10') in 1.186159 seconds 
  Import took 1.190750 seconds .

========================================================================
Received Import Request.
  Time since last request: 0.000315 seconds.
  path: Assets/ProjectAssets/Textures/Gramophone/initialShadingGroup_normal.png
  artifactKey: Guid(e51f5a23f1b504beda6cd4855f4a4b2e) Importer(815301076,1909f56bfc062723c751e8b465ee728b)
Start importing Assets/ProjectAssets/Textures/Gramophone/initialShadingGroup_normal.png using Guid(e51f5a23f1b504beda6cd4855f4a4b2e) Importer(815301076,1909f56bfc062723c751e8b465ee728b)  -> (artifact id: 'e0e46f6f837a4a41852fe2af2ff49397') in 0.987459 seconds 
  Import took 0.991105 seconds .

========================================================================
Received Import Request.
  Time since last request: 0.000249 seconds.
  path: Assets/ProjectAssets/Textures/Gramophone/initialShadingGroup_roughness.jpg
  artifactKey: Guid(cbc13003b30f04ec59128868b17dbec8) Importer(815301076,1909f56bfc062723c751e8b465ee728b)
Start importing Assets/ProjectAssets/Textures/Gramophone/initialShadingGroup_roughness.jpg using Guid(cbc13003b30f04ec59128868b17dbec8) Importer(815301076,1909f56bfc062723c751e8b465ee728b)  -> (artifact id: '96ca410d22ff099032bb1ba5029232f8') in 0.012555 seconds 
  Import took 0.015808 seconds .

========================================================================
Received Import Request.
  Time since last request: 91.542853 seconds.
  path: Assets/ProjectAssets/Materials/Gramophone.mat
  artifactKey: Guid(ba5ad40c368704921a08298f736dd80e) Importer(815301076,1909f56bfc062723c751e8b465ee728b)
Start importing Assets/ProjectAssets/Materials/Gramophone.mat using Guid(ba5ad40c368704921a08298f736dd80e) Importer(815301076,1909f56bfc062723c751e8b465ee728b)  -> (artifact id: 'bed0f787fd109d7d03a76743078b2d49') in 1.190567 seconds 
  Import took 1.195714 seconds .

========================================================================
Received Import Request.
  Time since last request: 14008.231531 seconds.
  path: Assets/ProjectAssets/Models/Untextured Models/Props/telescope.FBX
  artifactKey: Guid(a40a5a7bca053414ea09025f1458d649) Importer(815301076,1909f56bfc062723c751e8b465ee728b)
Start importing Assets/ProjectAssets/Models/Untextured Models/Props/telescope.FBX using Guid(a40a5a7bca053414ea09025f1458d649) Importer(815301076,1909f56bfc062723c751e8b465ee728b)  -> (artifact id: 'b6405ea0f55d8025a16d3a26ab4b6102') in 0.442387 seconds 
  Import took 0.448307 seconds .

========================================================================
Received Import Request.
  Time since last request: 32.404516 seconds.
  path: Assets/ProjectAssets/Models/Untextured Models/Furniture/model.dae
  artifactKey: Guid(259638e726d834d7aa1417c230afae1f) Importer(815301076,1909f56bfc062723c751e8b465ee728b)
Start importing Assets/ProjectAssets/Models/Untextured Models/Furniture/model.dae using Guid(259638e726d834d7aa1417c230afae1f) Importer(815301076,1909f56bfc062723c751e8b465ee728b)  -> (artifact id: '16daca9fa8e1a199f073563b0867930b') in 0.507906 seconds 
  Import took 0.512125 seconds .

========================================================================
Received Import Request.
  Time since last request: 8.010469 seconds.
  path: Assets/ProjectAssets/Models/Untextured Models/Furniture/Old Chest.dae
  artifactKey: Guid(259638e726d834d7aa1417c230afae1f) Importer(815301076,1909f56bfc062723c751e8b465ee728b)
Start importing Assets/ProjectAssets/Models/Untextured Models/Furniture/Old Chest.dae using Guid(259638e726d834d7aa1417c230afae1f) Importer(815301076,1909f56bfc062723c751e8b465ee728b)  -> (artifact id: 'f6c84a0a4208384edd3cf0f6d61a892b') in 0.115919 seconds 
  Import took 0.120122 seconds .

========================================================================
Received Import Request.
  Time since last request: 17.839138 seconds.
  path: Assets/ProjectAssets/Models/Untextured Models/Props/Telescope.FBX
  artifactKey: Guid(a40a5a7bca053414ea09025f1458d649) Importer(815301076,1909f56bfc062723c751e8b465ee728b)
Start importing Assets/ProjectAssets/Models/Untextured Models/Props/Telescope.FBX using Guid(a40a5a7bca053414ea09025f1458d649) Importer(815301076,1909f56bfc062723c751e8b465ee728b)  -> (artifact id: '340e6323ae9737b667574f8962430082') in 0.100613 seconds 
  Import took 0.105257 seconds .

========================================================================
Received Import Request.
  Time since last request: 49.393732 seconds.
  path: Assets/ProjectAssets/Materials/Telescope.mat
  artifactKey: Guid(0f8b1c767a1b749eba04eca2602e81d5) Importer(815301076,1909f56bfc062723c751e8b465ee728b)
Start importing Assets/ProjectAssets/Materials/Telescope.mat using Guid(0f8b1c767a1b749eba04eca2602e81d5) Importer(815301076,1909f56bfc062723c751e8b465ee728b)  -> (artifact id: '89ea8adea814fe7285d9465ca301739e') in 0.042766 seconds 
  Import took 0.047362 seconds .

========================================================================
Received Import Request.
  Time since last request: 53.763552 seconds.
  path: Assets/ProjectAssets/Textures/Telescope/telescope_telescope_AlbedoTransparency.png
  artifactKey: Guid(072c5597589e34e9eb7104b729aa1608) Importer(815301076,1909f56bfc062723c751e8b465ee728b)
Start importing Assets/ProjectAssets/Textures/Telescope/telescope_telescope_AlbedoTransparency.png using Guid(072c5597589e34e9eb7104b729aa1608) Importer(815301076,1909f56bfc062723c751e8b465ee728b)  -> (artifact id: '7f43d51525b274a29920e9605eb16261') in 0.061058 seconds 
  Import took 0.066823 seconds .

========================================================================
Received Import Request.
  Time since last request: 0.000830 seconds.
  path: Assets/ProjectAssets/Textures/Telescope/telescope_telescope_Normal.png
  artifactKey: Guid(34080a63d5be74c578d8959d46dcfb97) Importer(815301076,1909f56bfc062723c751e8b465ee728b)
Start importing Assets/ProjectAssets/Textures/Telescope/telescope_telescope_Normal.png using Guid(34080a63d5be74c578d8959d46dcfb97) Importer(815301076,1909f56bfc062723c751e8b465ee728b)  -> (artifact id: '597b8f6bd1e119c96d56c9a8449f0677') in 0.019426 seconds 
  Import took 0.023807 seconds .

========================================================================
Received Import Request.
  Time since last request: 0.000287 seconds.
  path: Assets/ProjectAssets/Textures/Telescope/telescope_telescope_AlbedoTransparency.png
  artifactKey: Guid(072c5597589e34e9eb7104b729aa1608) Importer(815301076,1909f56bfc062723c751e8b465ee728b)
Start importing Assets/ProjectAssets/Textures/Telescope/telescope_telescope_AlbedoTransparency.png using Guid(072c5597589e34e9eb7104b729aa1608) Importer(815301076,1909f56bfc062723c751e8b465ee728b)  -> (artifact id: '7f43d51525b274a29920e9605eb16261') in 0.038808 seconds 
  Import took 0.046379 seconds .

========================================================================
Received Import Request.
  Time since last request: 0.000711 seconds.
  path: Assets/ProjectAssets/Textures/Telescope/telescope_telescope_MetallicSmoothness.png
  artifactKey: Guid(3d16bea315af64d51b00c6c5da580a52) Importer(815301076,1909f56bfc062723c751e8b465ee728b)
Start importing Assets/ProjectAssets/Textures/Telescope/telescope_telescope_MetallicSmoothness.png using Guid(3d16bea315af64d51b00c6c5da580a52) Importer(815301076,1909f56bfc062723c751e8b465ee728b)  -> (artifact id: 'c1cfaf887108353077eb80e3e01afd23') in 0.058341 seconds 
  Import took 0.065973 seconds .

========================================================================
Received Import Request.
  Time since last request: 90.525624 seconds.
  path: Assets/ProjectAssets/Materials/Old Chest.mat
  artifactKey: Guid(949e4526c34fe45c7ab9dafa04855c84) Importer(815301076,1909f56bfc062723c751e8b465ee728b)
Start importing Assets/ProjectAssets/Materials/Old Chest.mat using Guid(949e4526c34fe45c7ab9dafa04855c84) Importer(815301076,1909f56bfc062723c751e8b465ee728b)  -> (artifact id: 'd7401ab8fe6508a6234c068f16dbeb10') in 0.038499 seconds 
  Import took 0.042779 seconds .

========================================================================
Received Import Request.
  Time since last request: 26.108562 seconds.
  path: Assets/ProjectAssets/Materials/Old Chest Wood.mat
  artifactKey: Guid(949e4526c34fe45c7ab9dafa04855c84) Importer(815301076,1909f56bfc062723c751e8b465ee728b)
Start importing Assets/ProjectAssets/Materials/Old Chest Wood.mat using Guid(949e4526c34fe45c7ab9dafa04855c84) Importer(815301076,1909f56bfc062723c751e8b465ee728b)  -> (artifact id: 'fbb36ec0e79c5cf1f3a96dfada0e21f3') in 0.040573 seconds 
  Import took 0.045327 seconds .

========================================================================
Received Import Request.
  Time since last request: 2.796889 seconds.
  path: Assets/ProjectAssets/Textures/Nightstand/ClassicNightstand_01_diff_2k.jpg
  artifactKey: Guid(40912f00ae3f644f380c40c80c121455) Importer(815301076,1909f56bfc062723c751e8b465ee728b)
Start importing Assets/ProjectAssets/Textures/Nightstand/ClassicNightstand_01_diff_2k.jpg using Guid(40912f00ae3f644f380c40c80c121455) Importer(815301076,1909f56bfc062723c751e8b465ee728b)  -> (artifact id: 'aa149a1b228b8dedf90f064b25fef25d') in 0.010430 seconds 
  Import took 0.013848 seconds .

========================================================================
Received Import Request.
  Time since last request: 0.001382 seconds.
  path: Assets/ProjectAssets/Textures/Nightstand/ClassicNightstand_01_diff_2k.jpg
  artifactKey: Guid(40912f00ae3f644f380c40c80c121455) Importer(815301076,1909f56bfc062723c751e8b465ee728b)
Start importing Assets/ProjectAssets/Textures/Nightstand/ClassicNightstand_01_diff_2k.jpg using Guid(40912f00ae3f644f380c40c80c121455) Importer(815301076,1909f56bfc062723c751e8b465ee728b)  -> (artifact id: 'aa149a1b228b8dedf90f064b25fef25d') in 0.006149 seconds 
  Import took 0.008937 seconds .

========================================================================
Received Import Request.
  Time since last request: 33.196324 seconds.
  path: Assets/ProjectAssets/Materials/Old Chest Metal.mat
  artifactKey: Guid(027d1df9971aa42308519970dca27539) Importer(815301076,1909f56bfc062723c751e8b465ee728b)
Start importing Assets/ProjectAssets/Materials/Old Chest Metal.mat using Guid(027d1df9971aa42308519970dca27539) Importer(815301076,1909f56bfc062723c751e8b465ee728b)  -> (artifact id: 'c98042ca303b3eacbe9915d0476aec21') in 0.039367 seconds 
  Import took 0.043689 seconds .

========================================================================
Received Import Request.
  Time since last request: 65.108643 seconds.
  path: Assets/ProjectAssets/Textures/Old Chest/Metal_albedo.jpg
  artifactKey: Guid(6de45d29d1f9644a58272cc053d0db4e) Importer(815301076,1909f56bfc062723c751e8b465ee728b)
Start importing Assets/ProjectAssets/Textures/Old Chest/Metal_albedo.jpg using Guid(6de45d29d1f9644a58272cc053d0db4e) Importer(815301076,1909f56bfc062723c751e8b465ee728b)  -> (artifact id: 'ffab383d7a5a52e05d67cfee3a1e180b') in 0.009555 seconds 
  Import took 0.013991 seconds .

========================================================================
Received Import Request.
  Time since last request: 0.000213 seconds.
  path: Assets/ProjectAssets/Textures/Statue of Woman/MK_H_873_Rzezba_sw_Anna.jpeg
  artifactKey: Guid(32521e4a86d9a4fbf8e3fde43156727d) Importer(815301076,1909f56bfc062723c751e8b465ee728b)
Start importing Assets/ProjectAssets/Textures/Statue of Woman/MK_H_873_Rzezba_sw_Anna.jpeg using Guid(32521e4a86d9a4fbf8e3fde43156727d) Importer(815301076,1909f56bfc062723c751e8b465ee728b)  -> (artifact id: '1e862be6a0647e124b4a270777efdf53') in 0.924240 seconds 
  Import took 0.927415 seconds .

========================================================================
Received Import Request.
  Time since last request: 0.000264 seconds.
  path: Assets/ProjectAssets/Textures/Persian Rug/rug01_diff.tga.png
  artifactKey: Guid(e4b09fec86a4a40238f647c1ce54d62d) Importer(815301076,1909f56bfc062723c751e8b465ee728b)
Start importing Assets/ProjectAssets/Textures/Persian Rug/rug01_diff.tga.png using Guid(e4b09fec86a4a40238f647c1ce54d62d) Importer(815301076,1909f56bfc062723c751e8b465ee728b)  -> (artifact id: 'edd0da8f1fe9d6874548c4994d99b689') in 0.014112 seconds 
  Import took 0.016767 seconds .

========================================================================
Received Import Request.
  Time since last request: 0.000192 seconds.
  path: Assets/ProjectAssets/Textures/Old Chest/Metal_roughness.jpg
  artifactKey: Guid(05ecb1be27c47481e837864664bea23e) Importer(815301076,1909f56bfc062723c751e8b465ee728b)
Start importing Assets/ProjectAssets/Textures/Old Chest/Metal_roughness.jpg using Guid(05ecb1be27c47481e837864664bea23e) Importer(815301076,1909f56bfc062723c751e8b465ee728b)  -> (artifact id: 'eab6bab80530cc60f69213dfc205f2d0') in 0.008217 seconds 
  Import took 0.010703 seconds .

========================================================================
Received Import Request.
  Time since last request: 0.000200 seconds.
  path: Assets/ProjectAssets/Textures/Old Chest/Metal_normal.jpg
  artifactKey: Guid(f0cc83a954d444e1fb1ce72cd1cd0952) Importer(815301076,1909f56bfc062723c751e8b465ee728b)
Start importing Assets/ProjectAssets/Textures/Old Chest/Metal_normal.jpg using Guid(f0cc83a954d444e1fb1ce72cd1cd0952) Importer(815301076,1909f56bfc062723c751e8b465ee728b)  -> (artifact id: '2ec0b360ec6cb13b7fce0dfa836029b3') in 0.009013 seconds 
  Import took 0.011426 seconds .

========================================================================
Received Import Request.
  Time since last request: 0.000233 seconds.
  path: Assets/ProjectAssets/Textures/Persian Rug/rug01_normals.tga.png
  artifactKey: Guid(7bd414922053a403b81f5af01ce960b5) Importer(815301076,1909f56bfc062723c751e8b465ee728b)
Start importing Assets/ProjectAssets/Textures/Persian Rug/rug01_normals.tga.png using Guid(7bd414922053a403b81f5af01ce960b5) Importer(815301076,1909f56bfc062723c751e8b465ee728b)  -> (artifact id: '25632321159a015f2cdf08d4bbf5389d') in 0.012059 seconds 
  Import took 0.014686 seconds .

========================================================================
Received Import Request.
  Time since last request: 0.000185 seconds.
  path: Assets/ProjectAssets/Textures/Old Chest/Metal_albedo.jpg
  artifactKey: Guid(6de45d29d1f9644a58272cc053d0db4e) Importer(815301076,1909f56bfc062723c751e8b465ee728b)
Start importing Assets/ProjectAssets/Textures/Old Chest/Metal_albedo.jpg using Guid(6de45d29d1f9644a58272cc053d0db4e) Importer(815301076,1909f56bfc062723c751e8b465ee728b)  -> (artifact id: 'ffab383d7a5a52e05d67cfee3a1e180b') in 0.007979 seconds 
  Import took 0.010175 seconds .

========================================================================
Received Import Request.
  Time since last request: 0.000223 seconds.
  path: Assets/ProjectAssets/Textures/Old Chest/Metal_metallic_1k.jpg
  artifactKey: Guid(3a113a9efd4784da4905d2a28a5f8c36) Importer(815301076,1909f56bfc062723c751e8b465ee728b)
Start importing Assets/ProjectAssets/Textures/Old Chest/Metal_metallic_1k.jpg using Guid(3a113a9efd4784da4905d2a28a5f8c36) Importer(815301076,1909f56bfc062723c751e8b465ee728b)  -> (artifact id: '5cf6dc3b7c07c652f0387b0918ae33c4') in 0.007946 seconds 
  Import took 0.010121 seconds .

========================================================================
Received Import Request.
  Time since last request: 0.000194 seconds.
  path: Assets/ProjectAssets/Textures/Statue of Woman/MK_H_873_Rzezba_sw_Anna_normal_map.jpeg
  artifactKey: Guid(82ef741d1322344e19dc6b4117e64437) Importer(815301076,1909f56bfc062723c751e8b465ee728b)
Start importing Assets/ProjectAssets/Textures/Statue of Woman/MK_H_873_Rzezba_sw_Anna_normal_map.jpeg using Guid(82ef741d1322344e19dc6b4117e64437) Importer(815301076,1909f56bfc062723c751e8b465ee728b)  -> (artifact id: '8341a69eff9da5e9db00bed31dc9d008') in 0.012957 seconds 
  Import took 0.015809 seconds .

========================================================================
Received Import Request.
  Time since last request: 27.304555 seconds.
  path: Assets/ProjectAssets/Textures/Old Chest/Drewno_albedo.jpg
  artifactKey: Guid(bb496314840ce4f4a810c169aeca2859) Importer(815301076,1909f56bfc062723c751e8b465ee728b)
Start importing Assets/ProjectAssets/Textures/Old Chest/Drewno_albedo.jpg using Guid(bb496314840ce4f4a810c169aeca2859) Importer(815301076,1909f56bfc062723c751e8b465ee728b)  -> (artifact id: 'df9b55ca7c41116204c192e04b0083c0') in 0.012355 seconds 
  Import took 0.016411 seconds .

========================================================================
Received Import Request.
  Time since last request: 0.000237 seconds.
  path: Assets/ProjectAssets/Textures/Old Chest/Drewno_roughness.jpg
  artifactKey: Guid(da88c957f650c4ebdaf2689ec9475f40) Importer(815301076,1909f56bfc062723c751e8b465ee728b)
Start importing Assets/ProjectAssets/Textures/Old Chest/Drewno_roughness.jpg using Guid(da88c957f650c4ebdaf2689ec9475f40) Importer(815301076,1909f56bfc062723c751e8b465ee728b)  -> (artifact id: '688a278db6e433b663396902ebfd2898') in 0.009865 seconds 
  Import took 0.012958 seconds .

========================================================================
Received Import Request.
  Time since last request: 0.000594 seconds.
  path: Assets/ProjectAssets/Textures/Old Chest/Drewno_normal.jpg
  artifactKey: Guid(ce401d52ff76d40e09a3b450d5ed55d8) Importer(815301076,1909f56bfc062723c751e8b465ee728b)
Start importing Assets/ProjectAssets/Textures/Old Chest/Drewno_normal.jpg using Guid(ce401d52ff76d40e09a3b450d5ed55d8) Importer(815301076,1909f56bfc062723c751e8b465ee728b)  -> (artifact id: '2c9179c7a10f75a79664bc80db786e1f') in 0.020847 seconds 
  Import took 0.025040 seconds .

========================================================================
Received Import Request.
  Time since last request: 0.000248 seconds.
  path: Assets/ProjectAssets/Textures/Old Chest/Drewno_albedo.jpg
  artifactKey: Guid(bb496314840ce4f4a810c169aeca2859) Importer(815301076,1909f56bfc062723c751e8b465ee728b)
Start importing Assets/ProjectAssets/Textures/Old Chest/Drewno_albedo.jpg using Guid(bb496314840ce4f4a810c169aeca2859) Importer(815301076,1909f56bfc062723c751e8b465ee728b)  -> (artifact id: 'df9b55ca7c41116204c192e04b0083c0') in 0.008191 seconds 
  Import took 0.010897 seconds .

========================================================================
Received Import Request.
  Time since last request: 1.973676 seconds.
  path: Assets/ProjectAssets/Textures/Dark Knight/Zwei01_crossguard_Normal.png
  artifactKey: Guid(946b2f48278b8432b87df2a5d5c61c66) Importer(815301076,1909f56bfc062723c751e8b465ee728b)
Start importing Assets/ProjectAssets/Textures/Dark Knight/Zwei01_crossguard_Normal.png using Guid(946b2f48278b8432b87df2a5d5c61c66) Importer(815301076,1909f56bfc062723c751e8b465ee728b)  -> (artifact id: '222871cdb91cba26662acd468ffd8884') in 0.013778 seconds 
  Import took 0.018161 seconds .

========================================================================
Received Import Request.
  Time since last request: 0.004131 seconds.
  path: Assets/ProjectAssets/Textures/Dark Knight/Zwei01_crossguard_Normal.png
  artifactKey: Guid(946b2f48278b8432b87df2a5d5c61c66) Importer(815301076,1909f56bfc062723c751e8b465ee728b)
Start importing Assets/ProjectAssets/Textures/Dark Knight/Zwei01_crossguard_Normal.png using Guid(946b2f48278b8432b87df2a5d5c61c66) Importer(815301076,1909f56bfc062723c751e8b465ee728b)  -> (artifact id: '222871cdb91cba26662acd468ffd8884') in 0.009235 seconds 
  Import took 0.013211 seconds .

========================================================================
Received Import Request.
  Time since last request: 75.234039 seconds.
  path: Assets/ProjectAssets/Textures/Dark Knight/legs_greave_greave_Normal.png
  artifactKey: Guid(14cc1ef2dfd4046a699108c03ed0ed8d) Importer(815301076,1909f56bfc062723c751e8b465ee728b)
Start importing Assets/ProjectAssets/Textures/Dark Knight/legs_greave_greave_Normal.png using Guid(14cc1ef2dfd4046a699108c03ed0ed8d) Importer(815301076,1909f56bfc062723c751e8b465ee728b)  -> (artifact id: '3026ec9a598a0aae3d8a757a4976ea4e') in 0.014427 seconds 
  Import took 0.017998 seconds .

========================================================================
Received Import Request.
  Time since last request: 0.000190 seconds.
  path: Assets/ProjectAssets/Textures/Dark Knight/legs_poleynLP1_lambert2SG_Normal.png
  artifactKey: Guid(519e9ce22ceba465eb555d0597f7349f) Importer(815301076,1909f56bfc062723c751e8b465ee728b)
Start importing Assets/ProjectAssets/Textures/Dark Knight/legs_poleynLP1_lambert2SG_Normal.png using Guid(519e9ce22ceba465eb555d0597f7349f) Importer(815301076,1909f56bfc062723c751e8b465ee728b)  -> (artifact id: '6b551388d13d9707d80720c969089ddf') in 0.010995 seconds 
  Import took 0.013950 seconds .

========================================================================
Received Import Request.
  Time since last request: 117.510863 seconds.
  path: Assets/ProjectAssets/Models/Prefabs/Old Chest.prefab
  artifactKey: Guid(2fb75a7316675478d93db55f83949422) Importer(815301076,1909f56bfc062723c751e8b465ee728b)
Start importing Assets/ProjectAssets/Models/Prefabs/Old Chest.prefab using Guid(2fb75a7316675478d93db55f83949422) Importer(815301076,1909f56bfc062723c751e8b465ee728b)  -> (artifact id: 'df73ac156bd8b94fa1647a6d3dadb81e') in 0.228094 seconds 
  Import took 0.232377 seconds .

========================================================================
Received Import Request.
  Time since last request: 6.322623 seconds.
  path: Assets/ProjectAssets/Models/Prefabs/Old Chest.prefab
  artifactKey: Guid(2fb75a7316675478d93db55f83949422) Importer(815301076,1909f56bfc062723c751e8b465ee728b)
Start importing Assets/ProjectAssets/Models/Prefabs/Old Chest.prefab using Guid(2fb75a7316675478d93db55f83949422) Importer(815301076,1909f56bfc062723c751e8b465ee728b)  -> (artifact id: '72d5c51194475afaa382e1f7e2464b48') in 0.062914 seconds 
  Import took 0.069888 seconds .

========================================================================
Received Import Request.
  Time since last request: 697.378653 seconds.
  path: Assets/ProjectAssets/Models/Untextured Models/Props/model.dae
  artifactKey: Guid(0c0b076286aff455fa8bf6f495c1bf97) Importer(815301076,1909f56bfc062723c751e8b465ee728b)
Start importing Assets/ProjectAssets/Models/Untextured Models/Props/model.dae using Guid(0c0b076286aff455fa8bf6f495c1bf97) Importer(815301076,1909f56bfc062723c751e8b465ee728b)  -> (artifact id: '4e7a301a61440af14870622af6fc3220') in 0.138871 seconds 
  Import took 0.143126 seconds .

========================================================================
Received Import Request.
  Time since last request: 9.580936 seconds.
  path: Assets/ProjectAssets/Models/Untextured Models/Props/Roman Bust.dae
  artifactKey: Guid(0c0b076286aff455fa8bf6f495c1bf97) Importer(815301076,1909f56bfc062723c751e8b465ee728b)
Start importing Assets/ProjectAssets/Models/Untextured Models/Props/Roman Bust.dae using Guid(0c0b076286aff455fa8bf6f495c1bf97) Importer(815301076,1909f56bfc062723c751e8b465ee728b)  -> (artifact id: '973c85486becf796cef269ac446ef1c7') in 0.129476 seconds 
  Import took 0.134063 seconds .

========================================================================
Received Import Request.
  Time since last request: 20.958084 seconds.
  path: Assets/ProjectAssets/Materials/Roman Bust.mat
  artifactKey: Guid(5e3d6d39d5bd74b22b4179d259b1d6fc) Importer(815301076,1909f56bfc062723c751e8b465ee728b)
Start importing Assets/ProjectAssets/Materials/Roman Bust.mat using Guid(5e3d6d39d5bd74b22b4179d259b1d6fc) Importer(815301076,1909f56bfc062723c751e8b465ee728b)  -> (artifact id: 'fc2631fca11e7a82af59ef1f44e8b29a') in 0.038913 seconds 
  Import took 0.042880 seconds .

========================================================================
Received Import Request.
  Time since last request: 140.797410 seconds.
  path: Assets/ProjectAssets/Materials/Old Chest Metal.mat
  artifactKey: Guid(027d1df9971aa42308519970dca27539) Importer(815301076,1909f56bfc062723c751e8b465ee728b)
Start importing Assets/ProjectAssets/Materials/Old Chest Metal.mat using Guid(027d1df9971aa42308519970dca27539) Importer(815301076,1909f56bfc062723c751e8b465ee728b)  -> (artifact id: '561e275345ec3f5dbdeb0c186eabfbe9') in 0.080749 seconds 
  Import took 0.087846 seconds .

========================================================================
Received Import Request.
  Time since last request: 0.000320 seconds.
  path: Assets/ProjectAssets/Materials/Roman Bust.mat
  artifactKey: Guid(5e3d6d39d5bd74b22b4179d259b1d6fc) Importer(815301076,1909f56bfc062723c751e8b465ee728b)
Start importing Assets/ProjectAssets/Materials/Roman Bust.mat using Guid(5e3d6d39d5bd74b22b4179d259b1d6fc) Importer(815301076,1909f56bfc062723c751e8b465ee728b)  -> (artifact id: '5cfedbde7bb64dc51f29c703bea85563') in 0.071000 seconds 
  Import took 0.080671 seconds .

========================================================================
Received Import Request.
  Time since last request: 0.000344 seconds.
  path: Assets/ProjectAssets/Materials/Telescope.mat
  artifactKey: Guid(0f8b1c767a1b749eba04eca2602e81d5) Importer(815301076,1909f56bfc062723c751e8b465ee728b)
Start importing Assets/ProjectAssets/Materials/Telescope.mat using Guid(0f8b1c767a1b749eba04eca2602e81d5) Importer(815301076,1909f56bfc062723c751e8b465ee728b)  -> (artifact id: 'c61976451df6546e8f96c19e7135172c') in 0.067593 seconds 
  Import took 0.073309 seconds .

========================================================================
Received Import Request.
  Time since last request: 0.000329 seconds.
  path: Assets/ProjectAssets/Materials/Old Chest Wood.mat
  artifactKey: Guid(949e4526c34fe45c7ab9dafa04855c84) Importer(815301076,1909f56bfc062723c751e8b465ee728b)
Start importing Assets/ProjectAssets/Materials/Old Chest Wood.mat using Guid(949e4526c34fe45c7ab9dafa04855c84) Importer(815301076,1909f56bfc062723c751e8b465ee728b)  -> (artifact id: '487ff21ad2ba6778d466dee69eecf9e4') in 0.062544 seconds 
  Import took 0.070118 seconds .

========================================================================
Received Import Request.
  Time since last request: 15.657007 seconds.
  path: Assets/ProjectAssets/Models/Prefabs/Roman Bust.prefab
  artifactKey: Guid(995c511e808ac48c5ba9614208673a9c) Importer(815301076,1909f56bfc062723c751e8b465ee728b)
Start importing Assets/ProjectAssets/Models/Prefabs/Roman Bust.prefab using Guid(995c511e808ac48c5ba9614208673a9c) Importer(815301076,1909f56bfc062723c751e8b465ee728b)  -> (artifact id: 'a9605f401367d49e28c3538d12fcaa06') in 0.004682 seconds 
  Import took 0.009221 seconds .

========================================================================
Received Import Request.
  Time since last request: 6.700644 seconds.
  path: Assets/ProjectAssets/Models/Prefabs/Roman Bust.prefab
  artifactKey: Guid(995c511e808ac48c5ba9614208673a9c) Importer(815301076,1909f56bfc062723c751e8b465ee728b)
Start importing Assets/ProjectAssets/Models/Prefabs/Roman Bust.prefab using Guid(995c511e808ac48c5ba9614208673a9c) Importer(815301076,1909f56bfc062723c751e8b465ee728b)  -> (artifact id: 'e9b05f730f1cb3f32791d984e7115ef1') in 0.074908 seconds 
  Import took 0.080332 seconds .

========================================================================
Received Import Request.
  Time since last request: 2058.879168 seconds.
  path: Assets/ProjectAssets/Models/Untextured Models/Props/model.dae
  artifactKey: Guid(ce3d57f22ce0e4d509e78aea0897b985) Importer(815301076,1909f56bfc062723c751e8b465ee728b)
Start importing Assets/ProjectAssets/Models/Untextured Models/Props/model.dae using Guid(ce3d57f22ce0e4d509e78aea0897b985) Importer(815301076,1909f56bfc062723c751e8b465ee728b)  -> (artifact id: 'a00769372ee8938e5c75bc79d4f8a590') in 0.076486 seconds 
  Import took 0.100207 seconds .

========================================================================
Received Import Request.
  Time since last request: 19.715316 seconds.
  path: Assets/ProjectAssets/Models/Untextured Models/Props/TIP_new.fbx
  artifactKey: Guid(f3052aff7a9a94230b9171a23e60b286) Importer(815301076,1909f56bfc062723c751e8b465ee728b)
Start importing Assets/ProjectAssets/Models/Untextured Models/Props/TIP_new.fbx using Guid(f3052aff7a9a94230b9171a23e60b286) Importer(815301076,1909f56bfc062723c751e8b465ee728b)  -> (artifact id: '29aacfe1fad2eba0908b646713e3a747') in 0.240082 seconds 
  Import took 0.244558 seconds .

========================================================================
Received Import Request.
  Time since last request: 16.032274 seconds.
  path: Assets/ProjectAssets/Models/Untextured Models/Props/Weapon Rack.dae
  artifactKey: Guid(ce3d57f22ce0e4d509e78aea0897b985) Importer(815301076,1909f56bfc062723c751e8b465ee728b)
Start importing Assets/ProjectAssets/Models/Untextured Models/Props/Weapon Rack.dae using Guid(ce3d57f22ce0e4d509e78aea0897b985) Importer(815301076,1909f56bfc062723c751e8b465ee728b)  -> (artifact id: '353677485b2d7d769dbf335ca98b9880') in 0.096541 seconds 
  Import took 0.100988 seconds .

========================================================================
Received Import Request.
  Time since last request: 4.662739 seconds.
  path: Assets/ProjectAssets/Models/Untextured Models/Props/Short Spear.fbx
  artifactKey: Guid(f3052aff7a9a94230b9171a23e60b286) Importer(815301076,1909f56bfc062723c751e8b465ee728b)
Start importing Assets/ProjectAssets/Models/Untextured Models/Props/Short Spear.fbx using Guid(f3052aff7a9a94230b9171a23e60b286) Importer(815301076,1909f56bfc062723c751e8b465ee728b)  -> (artifact id: '0d552b4863b189edb40511e369fd72f7') in 0.093700 seconds 
  Import took 0.097967 seconds .

========================================================================
Received Import Request.
  Time since last request: 39.610333 seconds.
  path: Assets/ProjectAssets/Materials/Weapon Rack.mat
  artifactKey: Guid(b54cf83ca7f3e4cb0868cab98db94a8b) Importer(815301076,1909f56bfc062723c751e8b465ee728b)
Start importing Assets/ProjectAssets/Materials/Weapon Rack.mat using Guid(b54cf83ca7f3e4cb0868cab98db94a8b) Importer(815301076,1909f56bfc062723c751e8b465ee728b)  -> (artifact id: 'b1123027dba647d3d2f4ee06e246f98c') in 0.036489 seconds 
  Import took 0.040668 seconds .

========================================================================
Received Import Request.
  Time since last request: 98.543441 seconds.
  path: Assets/ProjectAssets/Materials/Short Spear.mat
  artifactKey: Guid(21bf8969e3b3b4246878d39a1e870c9c) Importer(815301076,1909f56bfc062723c751e8b465ee728b)
Start importing Assets/ProjectAssets/Materials/Short Spear.mat using Guid(21bf8969e3b3b4246878d39a1e870c9c) Importer(815301076,1909f56bfc062723c751e8b465ee728b)  -> (artifact id: '86fa5f8e9fdcca3905c546c2c9b422f4') in 0.037192 seconds 
  Import took 0.042398 seconds .

========================================================================
Received Import Request.
  Time since last request: 265.334880 seconds.
  path: Assets/ProjectAssets/Models/Prefabs/Short Spear.prefab
  artifactKey: Guid(d7d1571db9ed24cd291f0883f4ef73c4) Importer(815301076,1909f56bfc062723c751e8b465ee728b)
Start importing Assets/ProjectAssets/Models/Prefabs/Short Spear.prefab using Guid(d7d1571db9ed24cd291f0883f4ef73c4) Importer(815301076,1909f56bfc062723c751e8b465ee728b)  -> (artifact id: 'f6304ca72da06436307c6c595fc28db2') in 0.006206 seconds 
  Import took 0.010364 seconds .

========================================================================
Received Import Request.
  Time since last request: 7.049736 seconds.
  path: Assets/ProjectAssets/Models/Prefabs/Weapon Rack.prefab
  artifactKey: Guid(937155b466faf4a9f9696df3bf34a7c3) Importer(815301076,1909f56bfc062723c751e8b465ee728b)
Start importing Assets/ProjectAssets/Models/Prefabs/Weapon Rack.prefab using Guid(937155b466faf4a9f9696df3bf34a7c3) Importer(815301076,1909f56bfc062723c751e8b465ee728b)  -> (artifact id: '192970c2716bb7fa8d54b955409d8b4d') in 0.007101 seconds 
  Import took 0.011272 seconds .

========================================================================
Received Import Request.
  Time since last request: 8.257555 seconds.
  path: Assets/ProjectAssets/Models/Prefabs/Short Spear.prefab
  artifactKey: Guid(d7d1571db9ed24cd291f0883f4ef73c4) Importer(815301076,1909f56bfc062723c751e8b465ee728b)
Start importing Assets/ProjectAssets/Models/Prefabs/Short Spear.prefab using Guid(d7d1571db9ed24cd291f0883f4ef73c4) Importer(815301076,1909f56bfc062723c751e8b465ee728b)  -> (artifact id: '49ca4a98db24674f676f793a26c780a5') in 0.057625 seconds 
  Import took 0.063517 seconds .

========================================================================
Received Import Request.
  Time since last request: 8.022227 seconds.
  path: Assets/ProjectAssets/Models/Prefabs/Weapon Rack.prefab
  artifactKey: Guid(937155b466faf4a9f9696df3bf34a7c3) Importer(815301076,1909f56bfc062723c751e8b465ee728b)
Start importing Assets/ProjectAssets/Models/Prefabs/Weapon Rack.prefab using Guid(937155b466faf4a9f9696df3bf34a7c3) Importer(815301076,1909f56bfc062723c751e8b465ee728b)  -> (artifact id: 'e3bc4749c7099354273241863d42e74f') in 0.052610 seconds 
  Import took 0.057077 seconds .

========================================================================
Received Import Request.
  Time since last request: 0.014628 seconds.
  path: Assets/ProjectAssets/Models/Prefabs/Weapon Rack.prefab
  artifactKey: Guid(937155b466faf4a9f9696df3bf34a7c3) Importer(815301076,1909f56bfc062723c751e8b465ee728b)
Start importing Assets/ProjectAssets/Models/Prefabs/Weapon Rack.prefab using Guid(937155b466faf4a9f9696df3bf34a7c3) Importer(815301076,1909f56bfc062723c751e8b465ee728b)  -> (artifact id: 'e3bc4749c7099354273241863d42e74f') in 0.059003 seconds 
  Import took 0.062932 seconds .

========================================================================
Received Import Request.
  Time since last request: 163.284984 seconds.
  path: Assets/ProjectAssets/Models/Untextured Models/Props/Kopie_tip_1_NEW.fbx
  artifactKey: Guid(981b04aed47994c54838d2a8878e1f9b) Importer(815301076,1909f56bfc062723c751e8b465ee728b)
Start importing Assets/ProjectAssets/Models/Untextured Models/Props/Kopie_tip_1_NEW.fbx using Guid(981b04aed47994c54838d2a8878e1f9b) Importer(815301076,1909f56bfc062723c751e8b465ee728b)  -> (artifact id: 'bddddb5a0c1262e88a1c4553fce42162') in 0.117538 seconds 
  Import took 0.123290 seconds .

========================================================================
Received Import Request.
  Time since last request: 19.013600 seconds.
  path: Assets/ProjectAssets/Models/Untextured Models/Props/Spear.fbx
  artifactKey: Guid(981b04aed47994c54838d2a8878e1f9b) Importer(815301076,1909f56bfc062723c751e8b465ee728b)
Start importing Assets/ProjectAssets/Models/Untextured Models/Props/Spear.fbx using Guid(981b04aed47994c54838d2a8878e1f9b) Importer(815301076,1909f56bfc062723c751e8b465ee728b)  -> (artifact id: '756bcda505028067bca1dc6c65317017') in 0.056526 seconds 
  Import took 0.062073 seconds .

========================================================================
Received Import Request.
  Time since last request: 50.088847 seconds.
  path: Assets/ProjectAssets/Materials/Short Spear.mat
  artifactKey: Guid(21bf8969e3b3b4246878d39a1e870c9c) Importer(815301076,1909f56bfc062723c751e8b465ee728b)
Start importing Assets/ProjectAssets/Materials/Short Spear.mat using Guid(21bf8969e3b3b4246878d39a1e870c9c) Importer(815301076,1909f56bfc062723c751e8b465ee728b)  -> (artifact id: '31990a8271b472b30529b2054df4d057') in 0.042822 seconds 
  Import took 0.047593 seconds .

========================================================================
Received Import Request.
  Time since last request: 0.000242 seconds.
  path: Assets/ProjectAssets/Materials/Weapon Rack.mat
  artifactKey: Guid(b54cf83ca7f3e4cb0868cab98db94a8b) Importer(815301076,1909f56bfc062723c751e8b465ee728b)
Start importing Assets/ProjectAssets/Materials/Weapon Rack.mat using Guid(b54cf83ca7f3e4cb0868cab98db94a8b) Importer(815301076,1909f56bfc062723c751e8b465ee728b)  -> (artifact id: 'd6721c73314b436cecdfff40eb7d81ac') in 0.057721 seconds 
  Import took 0.063957 seconds .

========================================================================
Received Import Request.
  Time since last request: 4.755859 seconds.
  path: Assets/ProjectAssets/Materials/Spear.mat
  artifactKey: Guid(ecbc13028bfad44e78a48e1f8cdd23c8) Importer(815301076,1909f56bfc062723c751e8b465ee728b)
Start importing Assets/ProjectAssets/Materials/Spear.mat using Guid(ecbc13028bfad44e78a48e1f8cdd23c8) Importer(815301076,1909f56bfc062723c751e8b465ee728b)  -> (artifact id: 'e9b206df7ec7356623cc13a35569eb5c') in 0.039069 seconds 
  Import took 0.043065 seconds .

========================================================================
Received Import Request.
  Time since last request: 249.874215 seconds.
  path: Assets/ProjectAssets/Materials/Spear.mat
  artifactKey: Guid(ecbc13028bfad44e78a48e1f8cdd23c8) Importer(815301076,1909f56bfc062723c751e8b465ee728b)
Start importing Assets/ProjectAssets/Materials/Spear.mat using Guid(ecbc13028bfad44e78a48e1f8cdd23c8) Importer(815301076,1909f56bfc062723c751e8b465ee728b)  -> (artifact id: 'd162d7daa9e269dfb5668f30ec24d7c4') in 0.070146 seconds 
  Import took 0.073969 seconds .

========================================================================
Received Import Request.
  Time since last request: 15.091998 seconds.
  path: Assets/ProjectAssets/Models/Prefabs/Spear.prefab
  artifactKey: Guid(0504be8abb1ce48ef903c6cc98368d49) Importer(815301076,1909f56bfc062723c751e8b465ee728b)
Start importing Assets/ProjectAssets/Models/Prefabs/Spear.prefab using Guid(0504be8abb1ce48ef903c6cc98368d49) Importer(815301076,1909f56bfc062723c751e8b465ee728b)  -> (artifact id: 'cd16c99f9dc1781a1fa33f17aec5aca8') in 0.006704 seconds 
  Import took 0.011330 seconds .

========================================================================
Received Import Request.
  Time since last request: 5.108425 seconds.
  path: Assets/ProjectAssets/Models/Prefabs/Spear.prefab
  artifactKey: Guid(0504be8abb1ce48ef903c6cc98368d49) Importer(815301076,1909f56bfc062723c751e8b465ee728b)
Start importing Assets/ProjectAssets/Models/Prefabs/Spear.prefab using Guid(0504be8abb1ce48ef903c6cc98368d49) Importer(815301076,1909f56bfc062723c751e8b465ee728b)  -> (artifact id: 'b32c32b2574818ebd4717f6096246d96') in 0.039632 seconds 
  Import took 0.043782 seconds .

========================================================================
Received Import Request.
  Time since last request: 1503.051828 seconds.
  path: Assets/ProjectAssets/Models/Untextured Models/Props/Outdoor_Lamp.fbx
  artifactKey: Guid(5fc522e6afba844759c1d3800bf103b1) Importer(815301076,1909f56bfc062723c751e8b465ee728b)
Start importing Assets/ProjectAssets/Models/Untextured Models/Props/Outdoor_Lamp.fbx using Guid(5fc522e6afba844759c1d3800bf103b1) Importer(815301076,1909f56bfc062723c751e8b465ee728b)  -> (artifact id: '0a2bc2e8aa50299f2889b11f43d82792') in 0.138277 seconds 
  Import took 0.143466 seconds .

========================================================================
Received Import Request.
  Time since last request: 31.201873 seconds.
  path: Assets/ProjectAssets/Models/Untextured Models/Props/Globus.obj
  artifactKey: Guid(52997fc76ddb3411689a0749c33e55ad) Importer(815301076,1909f56bfc062723c751e8b465ee728b)
Start importing Assets/ProjectAssets/Models/Untextured Models/Props/Globus.obj using Guid(52997fc76ddb3411689a0749c33e55ad) Importer(815301076,1909f56bfc062723c751e8b465ee728b)  -> (artifact id: '6bdd30318f5a0e47d45fc180ae4b7c23') in 0.409796 seconds 
  Import took 0.413796 seconds .

========================================================================
Received Import Request.
  Time since last request: 185.924191 seconds.
  path: Assets/ProjectAssets/Materials/Globe.mat
  artifactKey: Guid(64926a05761024ff1a4add9b899453f0) Importer(815301076,1909f56bfc062723c751e8b465ee728b)
Start importing Assets/ProjectAssets/Materials/Globe.mat using Guid(64926a05761024ff1a4add9b899453f0) Importer(815301076,1909f56bfc062723c751e8b465ee728b)  -> (artifact id: '661faf1e21d10d585a068c09693b73f3') in 0.037774 seconds 
  Import took 0.041724 seconds .

========================================================================
Received Import Request.
  Time since last request: 82.492550 seconds.
  path: Assets/ProjectAssets/Materials/Wall Lamp.mat
  artifactKey: Guid(c21549cd2a45c4e94a5173c807284070) Importer(815301076,1909f56bfc062723c751e8b465ee728b)
Start importing Assets/ProjectAssets/Materials/Wall Lamp.mat using Guid(c21549cd2a45c4e94a5173c807284070) Importer(815301076,1909f56bfc062723c751e8b465ee728b)  -> (artifact id: 'f76222fa9e95c5ca2bd70ad008a4a42f') in 0.037791 seconds 
  Import took 0.042958 seconds .

========================================================================
Received Import Request.
  Time since last request: 17.243728 seconds.
  path: Assets/ProjectAssets/Textures/Wall Lamp/DefaultMaterial_Base_Color.png
  artifactKey: Guid(e15a07c19a8564bdb83ef17fc92a8241) Importer(815301076,1909f56bfc062723c751e8b465ee728b)
Start importing Assets/ProjectAssets/Textures/Wall Lamp/DefaultMaterial_Base_Color.png using Guid(e15a07c19a8564bdb83ef17fc92a8241) Importer(815301076,1909f56bfc062723c751e8b465ee728b)  -> (artifact id: 'aa06805a7023c978febef1377f423965') in 0.016122 seconds 
  Import took 0.019911 seconds .

========================================================================
Received Import Request.
  Time since last request: 0.000184 seconds.
  path: Assets/ProjectAssets/Textures/Spear/DefaultMaterial_Mixed_AO.png
  artifactKey: Guid(1d6f7098d535d4dfa94af0d4bd7eb9aa) Importer(815301076,1909f56bfc062723c751e8b465ee728b)
Start importing Assets/ProjectAssets/Textures/Spear/DefaultMaterial_Mixed_AO.png using Guid(1d6f7098d535d4dfa94af0d4bd7eb9aa) Importer(815301076,1909f56bfc062723c751e8b465ee728b)  -> (artifact id: 'adf0a7116a5e42fb3e801f4d76a9bbe4') in 0.009778 seconds 
  Import took 0.012591 seconds .

========================================================================
Received Import Request.
  Time since last request: 0.000243 seconds.
  path: Assets/ProjectAssets/Textures/Wall Lamp/DefaultMaterial_Roughness.png
  artifactKey: Guid(d147728cb8173458eafcc5ba7879231e) Importer(815301076,1909f56bfc062723c751e8b465ee728b)
Start importing Assets/ProjectAssets/Textures/Wall Lamp/DefaultMaterial_Roughness.png using Guid(d147728cb8173458eafcc5ba7879231e) Importer(815301076,1909f56bfc062723c751e8b465ee728b)  -> (artifact id: 'fd82c3943160aad4ba28a742c6647616') in 0.019108 seconds 
  Import took 0.023790 seconds .

========================================================================
Received Import Request.
  Time since last request: 0.000246 seconds.
  path: Assets/ProjectAssets/Textures/Wall Lamp/DefaultMaterial_Normal_DirectX.png
  artifactKey: Guid(ab9911be804c64b5387f6dd1671131bd) Importer(815301076,1909f56bfc062723c751e8b465ee728b)
Start importing Assets/ProjectAssets/Textures/Wall Lamp/DefaultMaterial_Normal_DirectX.png using Guid(ab9911be804c64b5387f6dd1671131bd) Importer(815301076,1909f56bfc062723c751e8b465ee728b)  -> (artifact id: 'ad7ca2a965210996e3be2b7b70b243fa') in 0.030532 seconds 
  Import took 0.034991 seconds .

========================================================================
Received Import Request.
  Time since last request: 0.000707 seconds.
  path: Assets/ProjectAssets/Textures/Wall Lamp/DefaultMaterial_Metallic.png
  artifactKey: Guid(747f8562d1f5a47e0bc9eeb11a77663e) Importer(815301076,1909f56bfc062723c751e8b465ee728b)
Start importing Assets/ProjectAssets/Textures/Wall Lamp/DefaultMaterial_Metallic.png using Guid(747f8562d1f5a47e0bc9eeb11a77663e) Importer(815301076,1909f56bfc062723c751e8b465ee728b)  -> (artifact id: 'c20eeadd377d0814fa566e992cf398e7') in 0.028976 seconds 
  Import took 0.035027 seconds .

========================================================================
Received Import Request.
  Time since last request: 0.000241 seconds.
  path: Assets/ProjectAssets/Textures/Wall Lamp/DefaultMaterial_Base_Color.png
  artifactKey: Guid(e15a07c19a8564bdb83ef17fc92a8241) Importer(815301076,1909f56bfc062723c751e8b465ee728b)
Start importing Assets/ProjectAssets/Textures/Wall Lamp/DefaultMaterial_Base_Color.png using Guid(e15a07c19a8564bdb83ef17fc92a8241) Importer(815301076,1909f56bfc062723c751e8b465ee728b)  -> (artifact id: 'aa06805a7023c978febef1377f423965') in 0.012363 seconds 
  Import took 0.016053 seconds .

========================================================================
Received Import Request.
  Time since last request: 0.000546 seconds.
  path: Assets/ProjectAssets/Textures/Wall Lamp/DefaultMaterial_Emissive.png
  artifactKey: Guid(e8fde86677bcf4095b8cfc6592f51d4d) Importer(815301076,1909f56bfc062723c751e8b465ee728b)
Start importing Assets/ProjectAssets/Textures/Wall Lamp/DefaultMaterial_Emissive.png using Guid(e8fde86677bcf4095b8cfc6592f51d4d) Importer(815301076,1909f56bfc062723c751e8b465ee728b)  -> (artifact id: '78490f6ce2c9d440c6b10bcb699fa2df') in 0.024487 seconds 
  Import took 0.030741 seconds .

========================================================================
Received Import Request.
  Time since last request: 0.000748 seconds.
  path: Assets/ProjectAssets/Textures/Wall Lamp/DefaultMaterial_Mixed_AO.png
  artifactKey: Guid(707c9bb92e3d046a9a3f8e516543c817) Importer(815301076,1909f56bfc062723c751e8b465ee728b)
Start importing Assets/ProjectAssets/Textures/Wall Lamp/DefaultMaterial_Mixed_AO.png using Guid(707c9bb92e3d046a9a3f8e516543c817) Importer(815301076,1909f56bfc062723c751e8b465ee728b)  -> (artifact id: '60c64ec8af3f64328ac6aa0af1521396') in 0.028119 seconds 
  Import took 0.035058 seconds .

========================================================================
Received Import Request.
  Time since last request: 0.256503 seconds.
  path: Assets/ProjectAssets/Textures/Spear/Kopie_tip_1_NEW_DefaultMaterial_BaseColor.png
  artifactKey: Guid(2655646a2b78d4459a5eeee8755b3a58) Importer(815301076,1909f56bfc062723c751e8b465ee728b)
Start importing Assets/ProjectAssets/Textures/Spear/Kopie_tip_1_NEW_DefaultMaterial_BaseColor.png using Guid(2655646a2b78d4459a5eeee8755b3a58) Importer(815301076,1909f56bfc062723c751e8b465ee728b)  -> (artifact id: '2071cf3992d1d9f020f378c7b4dd64fb') in 0.010534 seconds 
  Import took 0.016064 seconds .

========================================================================
Received Import Request.
  Time since last request: 0.000343 seconds.
  path: Assets/ProjectAssets/Textures/Spear/Kopie_tip_1_NEW_DefaultMaterial_Roughness.png
  artifactKey: Guid(fb00e0e318dee497f9980821c0ab5d72) Importer(815301076,1909f56bfc062723c751e8b465ee728b)
Start importing Assets/ProjectAssets/Textures/Spear/Kopie_tip_1_NEW_DefaultMaterial_Roughness.png using Guid(fb00e0e318dee497f9980821c0ab5d72) Importer(815301076,1909f56bfc062723c751e8b465ee728b)  -> (artifact id: '69673d701bc21c78be33498d19872695') in 0.014198 seconds 
  Import took 0.018129 seconds .

========================================================================
Received Import Request.
  Time since last request: 0.000239 seconds.
  path: Assets/ProjectAssets/Textures/Spear/Kopie_tip_1_NEW_DefaultMaterial_Normal.png
  artifactKey: Guid(7f3731d749a574beca6c1020445645c0) Importer(815301076,1909f56bfc062723c751e8b465ee728b)
Start importing Assets/ProjectAssets/Textures/Spear/Kopie_tip_1_NEW_DefaultMaterial_Normal.png using Guid(7f3731d749a574beca6c1020445645c0) Importer(815301076,1909f56bfc062723c751e8b465ee728b)  -> (artifact id: '8ac4bd68ee5e6c19cf7dcac3cc351362') in 0.036289 seconds 
  Import took 0.042669 seconds .

========================================================================
Received Import Request.
  Time since last request: 0.000798 seconds.
  path: Assets/ProjectAssets/Textures/Spear/Kopie_tip_1_NEW_DefaultMaterial_Metallic.png
  artifactKey: Guid(e5c549b5db81c4a33b63482b32f91897) Importer(815301076,1909f56bfc062723c751e8b465ee728b)
Start importing Assets/ProjectAssets/Textures/Spear/Kopie_tip_1_NEW_DefaultMaterial_Metallic.png using Guid(e5c549b5db81c4a33b63482b32f91897) Importer(815301076,1909f56bfc062723c751e8b465ee728b)  -> (artifact id: '7ab49441dd655a58287cbb0ae67d9b68') in 0.021426 seconds 
  Import took 0.031456 seconds .

========================================================================
Received Import Request.
  Time since last request: 161.845647 seconds.
  path: Assets/ProjectAssets/Textures/Wall Lamp/DefaultMaterial_Normal_DirectX.png
  artifactKey: Guid(ab9911be804c64b5387f6dd1671131bd) Importer(815301076,1909f56bfc062723c751e8b465ee728b)
Start importing Assets/ProjectAssets/Textures/Wall Lamp/DefaultMaterial_Normal_DirectX.png using Guid(ab9911be804c64b5387f6dd1671131bd) Importer(815301076,1909f56bfc062723c751e8b465ee728b)  -> (artifact id: '1521d3b8da9f9fc42f2750bde6483e12') in 0.055995 seconds 
  Import took 0.062882 seconds .

========================================================================
Received Import Request.
  Time since last request: 0.004072 seconds.
  path: Assets/ProjectAssets/Textures/Wall Lamp/DefaultMaterial_Normal_DirectX.png
  artifactKey: Guid(ab9911be804c64b5387f6dd1671131bd) Importer(815301076,1909f56bfc062723c751e8b465ee728b)
Start importing Assets/ProjectAssets/Textures/Wall Lamp/DefaultMaterial_Normal_DirectX.png using Guid(ab9911be804c64b5387f6dd1671131bd) Importer(815301076,1909f56bfc062723c751e8b465ee728b)  -> (artifact id: '1521d3b8da9f9fc42f2750bde6483e12') in 0.018643 seconds 
  Import took 0.022925 seconds .

========================================================================
Received Import Request.
  Time since last request: 128.894292 seconds.
  path: Assets/ProjectAssets/Models/Prefabs/Globe.prefab
  artifactKey: Guid(601cfa51612a146f686470005ad2e78c) Importer(815301076,1909f56bfc062723c751e8b465ee728b)
Start importing Assets/ProjectAssets/Models/Prefabs/Globe.prefab using Guid(601cfa51612a146f686470005ad2e78c) Importer(815301076,1909f56bfc062723c751e8b465ee728b)  -> (artifact id: '701cd86a18667ac5ff2fa03c653ed860') in 0.008677 seconds 
  Import took 0.013046 seconds .

========================================================================
Received Import Request.
  Time since last request: 5.211706 seconds.
  path: Assets/ProjectAssets/Models/Prefabs/Globe.prefab
  artifactKey: Guid(601cfa51612a146f686470005ad2e78c) Importer(815301076,1909f56bfc062723c751e8b465ee728b)
Start importing Assets/ProjectAssets/Models/Prefabs/Globe.prefab using Guid(601cfa51612a146f686470005ad2e78c) Importer(815301076,1909f56bfc062723c751e8b465ee728b)  -> (artifact id: '5ce653bd93b7f4001a2870aa19d106e4') in 0.073888 seconds 
  Import took 0.084507 seconds .

========================================================================
Received Import Request.
  Time since last request: 12.866449 seconds.
  path: Assets/ProjectAssets/Models/Prefabs/Wall Lamp.prefab
  artifactKey: Guid(f56463b508c8645be80c582644537c2e) Importer(815301076,1909f56bfc062723c751e8b465ee728b)
Start importing Assets/ProjectAssets/Models/Prefabs/Wall Lamp.prefab using Guid(f56463b508c8645be80c582644537c2e) Importer(815301076,1909f56bfc062723c751e8b465ee728b)  -> (artifact id: '938753f350f2b59011c141965d31ba51') in 0.004570 seconds 
  Import took 0.008750 seconds .

========================================================================
Received Import Request.
  Time since last request: 13.667890 seconds.
  path: Assets/ProjectAssets/Models/Prefabs/Wall Lamp.prefab
  artifactKey: Guid(f56463b508c8645be80c582644537c2e) Importer(815301076,1909f56bfc062723c751e8b465ee728b)
Start importing Assets/ProjectAssets/Models/Prefabs/Wall Lamp.prefab using Guid(f56463b508c8645be80c582644537c2e) Importer(815301076,1909f56bfc062723c751e8b465ee728b)  -> (artifact id: '528da34f632ac284d32735d32c77d8c4') in 0.060741 seconds 
  Import took 0.065699 seconds .

========================================================================
Received Import Request.
  Time since last request: 1373.958194 seconds.
  path: Assets/ProjectAssets/Models/Untextured Models/Building/Model 2.0 for Unity.fbx
  artifactKey: Guid(14b2657bc2be44022aea77c39a5d536e) Importer(815301076,1909f56bfc062723c751e8b465ee728b)
Start importing Assets/ProjectAssets/Models/Untextured Models/Building/Model 2.0 for Unity.fbx using Guid(14b2657bc2be44022aea77c39a5d536e) Importer(815301076,1909f56bfc062723c751e8b465ee728b)  -> (artifact id: 'a0a75625f06f7d5913f691f0cbb4cb15') in 1.159391 seconds 
  Import took 1.197281 seconds .

========================================================================
Received Import Request.
  Time since last request: 16.912302 seconds.
  path: Assets/ProjectAssets/Models/Untextured Models/Building/Building v2.fbx
  artifactKey: Guid(14b2657bc2be44022aea77c39a5d536e) Importer(815301076,1909f56bfc062723c751e8b465ee728b)
Start importing Assets/ProjectAssets/Models/Untextured Models/Building/Building v2.fbx using Guid(14b2657bc2be44022aea77c39a5d536e) Importer(815301076,1909f56bfc062723c751e8b465ee728b)  -> (artifact id: '51a39febe314fe9ec92a083dbb3b7db5') in 1.086722 seconds 
  Import took 1.103934 seconds .

